2026-04-28T00:00:13.753+05:30  INFO 33716 --- [http-nio-8080-exec-3] c.e.c.Security.JwtAuthenticationFilter   : JWT token validated for user: sampada@gmail.com
2026-04-28T00:00:13.753+05:30  INFO 33716 --- [http-nio-8080-exec-6] c.e.c.Security.JwtAuthenticationFilter   : JWT token validated for user: tbgmail.com
2026-04-28T00:00:13.767+05:30  INFO 33716 --- [http-nio-8080-exec-6] c.e.c.Controller.EventController         : Fetching events for committee ID: 14
2026-04-28T00:00:13.770+05:30  INFO 33716 --- [http-nio-8080-exec-3] c.e.c.Controller.PermissionController    : Fetching permission applications for approver ID 14
2026-04-28T00:00:14.802+05:30  INFO 33716 --- [http-nio-8080-exec-1] c.e.c.Security.JwtAuthenticationFilter   : JWT token validated for user: tbgmail.com
2026-04-28T00:00:14.804+05:30  INFO 33716 --- [http-nio-8080-exec-1] c.e.c.Controller.PermissionController    : Fetching all permission applications
2026-04-28T00:00:15.031+05:30  INFO 33716 --- [http-nio-8080-exec-3] c.e.c.Controller.PermissionController    : Found 2 targeted applications
2026-04-28T00:00:24.361+05:30  INFO 33716 --- [http-nio-8080-exec-1] c.e.c.Controller.PermissionController    : Found 28 applications
2026-04-28T00:00:43.751+05:30  INFO 33716 --- [http-nio-8080-exec-10] c.e.c.Security.JwtAuthenticationFilter   : JWT token validated for user: sampada@gmail.com
2026-04-28T00:00:43.752+05:30  INFO 33716 --- [http-nio-8080-exec-8] c.e.c.Security.JwtAuthenticationFilter   : JWT token validated for user: tbgmail.com
2026-04-28T00:00:43.753+05:30  INFO 33716 --- [http-nio-8080-exec-10] c.e.c.Controller.PermissionController    : Fetching permission applications for approver ID 14
2026-04-28T00:00:43.753+05:30  INFO 33716 --- [http-nio-8080-exec-8] c.e.c.Controller.EventController         : Fetching events for committee ID: 14
2026-04-28T00:00:44.736+05:30  INFO 33716 --- [http-nio-8080-exec-3] c.e.c.Security.JwtAuthenticationFilter   : JWT token validated for user: tbgmail.com
2026-04-28T00:00:44.737+05:30  INFO 33716 --- [http-nio-8080-exec-3] c.e.c.Controller.PermissionController    : Fetching all permission applications
2026-04-28T00:00:44.913+05:30  INFO 33716 --- [http-nio-8080-exec-10] c.e.c.Controller.PermissionController    : Found 2 targeted applications
2026-04-28T00:00:54.068+05:30  INFO 33716 --- [http-nio-8080-exec-3] c.e.c.Controller.PermissionController    : Found 28 applications
2026-04-28T00:01:13.761+05:30  INFO 33716 --- [http-nio-8080-exec-4] c.e.c.Security.JwtAuthenticationFilter   : JWT token validated for user: sampada@gmail.com
2026-04-28T00:01:13.766+05:30  INFO 33716 --- [http-nio-8080-exec-2] c.e.c.Security.JwtAuthenticationFilter   : JWT token validated for user: tbgmail.com
2026-04-28T00:01:13.770+05:30  INFO 33716 --- [http-nio-8080-exec-4] c.e.c.Controller.PermissionController    : Fetching permission applications for approver ID 14
2026-04-28T00:01:13.771+05:30  INFO 33716 --- [http-nio-8080-exec-2] c.e.c.Controller.EventController         : Fetching events for committee ID: 14
2026-04-28T00:01:14.745+05:30  INFO 33716 --- [http-nio-8080-exec-6] c.e.c.Security.JwtAuthenticationFilter   : JWT token validated for user: tbgmail.com
2026-04-28T00:01:14.747+05:30  INFO 33716 --- [http-nio-8080-exec-6] c.e.c.Controller.PermissionController    : Fetching all permission applications
2026-04-28T00:01:14.975+05:30  INFO 33716 --- [http-nio-8080-exec-4] c.e.c.Controller.PermissionController    : Found 2 targeted applications
